# JRE version: Java(TM) SE Runtime Environment (20.0.2+9) (build 20.0.2+9-78)
# Java VM: Java HotSpot(TM) 64-Bit Server VM (20.0.2+9-78, mixed mode, sharing, tiered, compressed oops, compressed class ptrs, g1 gc, windows-amd64)
GC Precious Log:
 CardTable entry size: 512
 Card Set container configuration: InlinePtr #cards 4 size 8 Array Of Cards #cards 16 size 48 Howl #buckets 8 coarsen threshold 3686 Howl Bitmap #cards 512 size 80 coarsen threshold 460 Card regions per heap region 1 cards per card region 4096
 CPUs: 8 total, 8 available
 Memory: 16378M
 Large Page Support: Disabled
 NUMA Support: Disabled
 Compressed Oops: Enabled (Zero based)
 Heap Region Size: 2M
 Heap Min Capacity: 8M
 Heap Initial Capacity: 256M
 Heap Max Capacity: 4G
 Pre-touch: Disabled
 Parallel Workers: 8
 Concurrent Workers: 2
 Concurrent Refinement Workers: 8
 Periodic GC: Disabled
Heap:
 garbage-first heap   total 167936K, used 66637K [0x0000000700000000, 0x0000000800000000)
  region size 2048K, 10 young (20480K), 4 survivors (8192K)
 Metaspace       used 90946K, committed 91776K, reserved 1179648K
  class space    used 10693K, committed 11072K, reserved 1048576K
GC Heap History (20 events):
Event: 23.782 GC heap before
{Heap before GC invocations=31 (full 0):
 garbage-first heap   total 139264K, used 124309K [0x0000000700000000, 0x0000000800000000)
  region size 2048K, 39 young (79872K), 2 survivors (4096K)
 Metaspace       used 74214K, committed 74752K, reserved 1114112K
  class space    used 9349K, committed 9600K, reserved 1048576K
}
Event: 23.787 GC heap after
{Heap after GC invocations=32 (full 0):
 garbage-first heap   total 139264K, used 48308K [0x0000000700000000, 0x0000000800000000)
  region size 2048K, 1 young (2048K), 1 survivors (2048K)
 Metaspace       used 74214K, committed 74752K, reserved 1114112K
  class space    used 9349K, committed 9600K, reserved 1048576K
}
Event: 25.481 GC heap before
{Heap before GC invocations=32 (full 0):
 garbage-first heap   total 139264K, used 128180K [0x0000000700000000, 0x0000000800000000)
  region size 2048K, 40 young (81920K), 1 survivors (2048K)
 Metaspace       used 75123K, committed 75776K, reserved 1179648K
  class space    used 9442K, committed 9792K, reserved 1048576K
}
Event: 25.489 GC heap after
{Heap after GC invocations=33 (full 0):
 garbage-first heap   total 139264K, used 49594K [0x0000000700000000, 0x0000000800000000)
  region size 2048K, 2 young (4096K), 2 survivors (4096K)
 Metaspace       used 75123K, committed 75776K, reserved 1179648K
  class space    used 9442K, committed 9792K, reserved 1048576K
}
Event: 27.372 GC heap before
{Heap before GC invocations=33 (full 0):
 garbage-first heap   total 139264K, used 125370K [0x0000000700000000, 0x0000000800000000)
  region size 2048K, 39 young (79872K), 2 survivors (4096K)
 Metaspace       used 76804K, committed 77504K, reserved 1179648K
  class space    used 9612K, committed 9920K, reserved 1048576K
}
Event: 27.381 GC heap after
{Heap after GC invocations=34 (full 0):
 garbage-first heap   total 139264K, used 50124K [0x0000000700000000, 0x0000000800000000)
  region size 2048K, 2 young (4096K), 2 survivors (4096K)
 Metaspace       used 76804K, committed 77504K, reserved 1179648K
  class space    used 9612K, committed 9920K, reserved 1048576K
}
Event: 28.983 GC heap before
{Heap before GC invocations=34 (full 0):
 garbage-first heap   total 139264K, used 125900K [0x0000000700000000, 0x0000000800000000)
  region size 2048K, 39 young (79872K), 2 survivors (4096K)
 Metaspace       used 76928K, committed 77568K, reserved 1179648K
  class space    used 9614K, committed 9920K, reserved 1048576K
}
Event: 28.989 GC heap after
{Heap after GC invocations=35 (full 0):
 garbage-first heap   total 139264K, used 49822K [0x0000000700000000, 0x0000000800000000)
  region size 2048K, 2 young (4096K), 2 survivors (4096K)
 Metaspace       used 76928K, committed 77568K, reserved 1179648K
  class space    used 9614K, committed 9920K, reserved 1048576K
}
Event: 30.792 GC heap before
{Heap before GC invocations=35 (full 0):
 garbage-first heap   total 139264K, used 123550K [0x0000000700000000, 0x0000000800000000)
  region size 2048K, 39 young (79872K), 2 survivors (4096K)
 Metaspace       used 81971K, committed 82688K, reserved 1179648K
  class space    used 10134K, committed 10496K, reserved 1048576K
}
Event: 30.800 GC heap after
{Heap after GC invocations=36 (full 0):
 garbage-first heap   total 139264K, used 52111K [0x0000000700000000, 0x0000000800000000)
  region size 2048K, 3 young (6144K), 3 survivors (6144K)
 Metaspace       used 81971K, committed 82688K, reserved 1179648K
  class space    used 10134K, committed 10496K, reserved 1048576K
}
Event: 32.176 GC heap before
{Heap before GC invocations=36 (full 0):
 garbage-first heap   total 139264K, used 121743K [0x0000000700000000, 0x0000000800000000)
  region size 2048K, 38 young (77824K), 3 survivors (6144K)
 Metaspace       used 88933K, committed 89664K, reserved 1179648K
  class space    used 10652K, committed 11008K, reserved 1048576K
}
Event: 32.192 GC heap after
{Heap after GC invocations=37 (full 0):
 garbage-first heap   total 139264K, used 54043K [0x0000000700000000, 0x0000000800000000)
  region size 2048K, 4 young (8192K), 4 survivors (8192K)
 Metaspace       used 88933K, committed 89664K, reserved 1179648K
  class space    used 10652K, committed 11008K, reserved 1048576K
}
Event: 33.652 GC heap before
{Heap before GC invocations=37 (full 0):
 garbage-first heap   total 139264K, used 121627K [0x0000000700000000, 0x0000000800000000)
  region size 2048K, 37 young (75776K), 4 survivors (8192K)
 Metaspace       used 89782K, committed 90496K, reserved 1179648K
  class space    used 10662K, committed 11008K, reserved 1048576K
}
Event: 33.672 GC heap after
{Heap after GC invocations=38 (full 0):
 garbage-first heap   total 139264K, used 54844K [0x0000000700000000, 0x0000000800000000)
  region size 2048K, 3 young (6144K), 3 survivors (6144K)
 Metaspace       used 89782K, committed 90496K, reserved 1179648K
  class space    used 10662K, committed 11008K, reserved 1048576K
}
Event: 34.546 GC heap before
{Heap before GC invocations=38 (full 0):
 garbage-first heap   total 139264K, used 120380K [0x0000000700000000, 0x0000000800000000)
  region size 2048K, 36 young (73728K), 3 survivors (6144K)
 Metaspace       used 89968K, committed 90752K, reserved 1179648K
  class space    used 10665K, committed 11008K, reserved 1048576K
}
Event: 34.562 GC heap after
{Heap after GC invocations=39 (full 0):
 garbage-first heap   total 139264K, used 54367K [0x0000000700000000, 0x0000000800000000)
  region size 2048K, 3 young (6144K), 3 survivors (6144K)
 Metaspace       used 89968K, committed 90752K, reserved 1179648K
  class space    used 10665K, committed 11008K, reserved 1048576K
}
Event: 35.411 GC heap before
{Heap before GC invocations=39 (full 0):
 garbage-first heap   total 139264K, used 121951K [0x0000000700000000, 0x0000000800000000)
  region size 2048K, 36 young (73728K), 3 survivors (6144K)
 Metaspace       used 90237K, committed 90944K, reserved 1179648K
  class space    used 10670K, committed 11008K, reserved 1048576K
}
Event: 35.424 GC heap after
{Heap after GC invocations=40 (full 0):
 garbage-first heap   total 167936K, used 54525K [0x0000000700000000, 0x0000000800000000)
  region size 2048K, 3 young (6144K), 3 survivors (6144K)
 Metaspace       used 90237K, committed 90944K, reserved 1179648K
  class space    used 10670K, committed 11008K, reserved 1048576K
}
Event: 37.215 GC heap before
{Heap before GC invocations=40 (full 0):
 garbage-first heap   total 167936K, used 146685K [0x0000000700000000, 0x0000000800000000)
  region size 2048K, 49 young (100352K), 3 survivors (6144K)
 Metaspace       used 90823K, committed 91584K, reserved 1179648K
  class space    used 10692K, committed 11072K, reserved 1048576K
}
Event: 37.246 GC heap after
{Heap after GC invocations=41 (full 0):
 garbage-first heap   total 167936K, used 56397K [0x0000000700000000, 0x0000000800000000)
  region size 2048K, 4 young (8192K), 4 survivors (8192K)
 Metaspace       used 90823K, committed 91584K, reserved 1179648K
  class space    used 10692K, committed 11072K, reserved 1048576K
}

