# JRE version: Java(TM) SE Runtime Environment (20.0.2+9) (build 20.0.2+9-78)
# Java VM: Java HotSpot(TM) 64-Bit Server VM (20.0.2+9-78, mixed mode, sharing, tiered, compressed oops, compressed class ptrs, g1 gc, windows-amd64)
GC Precious Log:
 CardTable entry size: 512
 Card Set container configuration: InlinePtr #cards 4 size 8 Array Of Cards #cards 16 size 48 Howl #buckets 8 coarsen threshold 3686 Howl Bitmap #cards 512 size 80 coarsen threshold 460 Card regions per heap region 1 cards per card region 4096
 CPUs: 8 total, 8 available
 Memory: 16378M
 Large Page Support: Disabled
 NUMA Support: Disabled
 Compressed Oops: Enabled (Zero based)
 Heap Region Size: 2M
 Heap Min Capacity: 8M
 Heap Initial Capacity: 256M
 Heap Max Capacity: 4G
 Pre-touch: Disabled
 Parallel Workers: 8
 Concurrent Workers: 2
 Concurrent Refinement Workers: 8
 Periodic GC: Disabled
Heap:
 garbage-first heap   total 141312K, used 52305K [0x0000000700000000, 0x0000000800000000)
  region size 2048K, 4 young (8192K), 3 survivors (6144K)
 Metaspace       used 91567K, committed 92352K, reserved 1179648K
  class space    used 10696K, committed 11072K, reserved 1048576K
GC Heap History (20 events):
Event: 25.165 GC heap before
{Heap before GC invocations=31 (full 0):
 garbage-first heap   total 116736K, used 98922K [0x0000000700000000, 0x0000000800000000)
  region size 2048K, 28 young (57344K), 3 survivors (6144K)
 Metaspace       used 76093K, committed 76672K, reserved 1179648K
  class space    used 9454K, committed 9728K, reserved 1048576K
}
Event: 25.171 GC heap after
{Heap after GC invocations=32 (full 0):
 garbage-first heap   total 141312K, used 48113K [0x0000000700000000, 0x0000000800000000)
  region size 2048K, 3 young (6144K), 3 survivors (6144K)
 Metaspace       used 76093K, committed 76672K, reserved 1179648K
  class space    used 9454K, committed 9728K, reserved 1048576K
}
Event: 26.135 GC heap before
{Heap before GC invocations=33 (full 0):
 garbage-first heap   total 141312K, used 123889K [0x0000000700000000, 0x0000000800000000)
  region size 2048K, 40 young (81920K), 3 survivors (6144K)
 Metaspace       used 76196K, committed 76800K, reserved 1179648K
  class space    used 9455K, committed 9728K, reserved 1048576K
}
Event: 26.142 GC heap after
{Heap after GC invocations=34 (full 0):
 garbage-first heap   total 141312K, used 48349K [0x0000000700000000, 0x0000000800000000)
  region size 2048K, 3 young (6144K), 3 survivors (6144K)
 Metaspace       used 76196K, committed 76800K, reserved 1179648K
  class space    used 9455K, committed 9728K, reserved 1048576K
}
Event: 26.868 GC heap before
{Heap before GC invocations=34 (full 0):
 garbage-first heap   total 141312K, used 124125K [0x0000000700000000, 0x0000000800000000)
  region size 2048K, 40 young (81920K), 3 survivors (6144K)
 Metaspace       used 76269K, committed 76864K, reserved 1179648K
  class space    used 9455K, committed 9728K, reserved 1048576K
}
Event: 26.874 GC heap after
{Heap after GC invocations=35 (full 0):
 garbage-first heap   total 141312K, used 47821K [0x0000000700000000, 0x0000000800000000)
  region size 2048K, 3 young (6144K), 3 survivors (6144K)
 Metaspace       used 76269K, committed 76864K, reserved 1179648K
  class space    used 9455K, committed 9728K, reserved 1048576K
}
Event: 28.957 GC heap before
{Heap before GC invocations=35 (full 0):
 garbage-first heap   total 141312K, used 125645K [0x0000000700000000, 0x0000000800000000)
  region size 2048K, 41 young (83968K), 3 survivors (6144K)
 Metaspace       used 77724K, committed 78400K, reserved 1179648K
  class space    used 9612K, committed 9920K, reserved 1048576K
}
Event: 28.965 GC heap after
{Heap after GC invocations=36 (full 0):
 garbage-first heap   total 141312K, used 48660K [0x0000000700000000, 0x0000000800000000)
  region size 2048K, 3 young (6144K), 3 survivors (6144K)
 Metaspace       used 77724K, committed 78400K, reserved 1179648K
  class space    used 9612K, committed 9920K, reserved 1048576K
}
Event: 30.906 GC heap before
{Heap before GC invocations=37 (full 0):
 garbage-first heap   total 141312K, used 126484K [0x0000000700000000, 0x0000000800000000)
  region size 2048K, 41 young (83968K), 3 survivors (6144K)
 Metaspace       used 79028K, committed 79744K, reserved 1179648K
  class space    used 9719K, committed 10048K, reserved 1048576K
}
Event: 30.916 GC heap after
{Heap after GC invocations=38 (full 0):
 garbage-first heap   total 141312K, used 49731K [0x0000000700000000, 0x0000000800000000)
  region size 2048K, 4 young (8192K), 4 survivors (8192K)
 Metaspace       used 79028K, committed 79744K, reserved 1179648K
  class space    used 9719K, committed 10048K, reserved 1048576K
}
Event: 34.317 GC heap before
{Heap before GC invocations=38 (full 0):
 garbage-first heap   total 141312K, used 121411K [0x0000000700000000, 0x0000000800000000)
  region size 2048K, 40 young (81920K), 4 survivors (8192K)
 Metaspace       used 81444K, committed 82112K, reserved 1179648K
  class space    used 9988K, committed 10304K, reserved 1048576K
}
Event: 34.325 GC heap after
{Heap after GC invocations=39 (full 0):
 garbage-first heap   total 141312K, used 49693K [0x0000000700000000, 0x0000000800000000)
  region size 2048K, 3 young (6144K), 3 survivors (6144K)
 Metaspace       used 81444K, committed 82112K, reserved 1179648K
  class space    used 9988K, committed 10304K, reserved 1048576K
}
Event: 35.378 GC heap before
{Heap before GC invocations=39 (full 0):
 garbage-first heap   total 141312K, used 123421K [0x0000000700000000, 0x0000000800000000)
  region size 2048K, 40 young (81920K), 3 survivors (6144K)
 Metaspace       used 86440K, committed 87168K, reserved 1179648K
  class space    used 10378K, committed 10752K, reserved 1048576K
}
Event: 35.386 GC heap after
{Heap after GC invocations=40 (full 0):
 garbage-first heap   total 141312K, used 51924K [0x0000000700000000, 0x0000000800000000)
  region size 2048K, 4 young (8192K), 4 survivors (8192K)
 Metaspace       used 86440K, committed 87168K, reserved 1179648K
  class space    used 10378K, committed 10752K, reserved 1048576K
}
Event: 37.026 GC heap before
{Heap before GC invocations=41 (full 0):
 garbage-first heap   total 141312K, used 123604K [0x0000000700000000, 0x0000000800000000)
  region size 2048K, 39 young (79872K), 4 survivors (8192K)
 Metaspace       used 90494K, committed 91264K, reserved 1179648K
  class space    used 10681K, committed 11072K, reserved 1048576K
}
Event: 37.044 GC heap after
{Heap after GC invocations=42 (full 0):
 garbage-first heap   total 141312K, used 53417K [0x0000000700000000, 0x0000000800000000)
  region size 2048K, 4 young (8192K), 4 survivors (8192K)
 Metaspace       used 90494K, committed 91264K, reserved 1179648K
  class space    used 10681K, committed 11072K, reserved 1048576K
}
Event: 38.649 GC heap before
{Heap before GC invocations=42 (full 0):
 garbage-first heap   total 141312K, used 123049K [0x0000000700000000, 0x0000000800000000)
  region size 2048K, 38 young (77824K), 4 survivors (8192K)
 Metaspace       used 91236K, committed 91968K, reserved 1179648K
  class space    used 10692K, committed 11072K, reserved 1048576K
}
Event: 38.679 GC heap after
{Heap after GC invocations=43 (full 0):
 garbage-first heap   total 141312K, used 52737K [0x0000000700000000, 0x0000000800000000)
  region size 2048K, 3 young (6144K), 3 survivors (6144K)
 Metaspace       used 91236K, committed 91968K, reserved 1179648K
  class space    used 10692K, committed 11072K, reserved 1048576K
}
Event: 39.610 GC heap before
{Heap before GC invocations=43 (full 0):
 garbage-first heap   total 141312K, used 124417K [0x0000000700000000, 0x0000000800000000)
  region size 2048K, 38 young (77824K), 3 survivors (6144K)
 Metaspace       used 91566K, committed 92352K, reserved 1179648K
  class space    used 10696K, committed 11072K, reserved 1048576K
}
Event: 39.638 GC heap after
{Heap after GC invocations=44 (full 0):
 garbage-first heap   total 141312K, used 52305K [0x0000000700000000, 0x0000000800000000)
  region size 2048K, 3 young (6144K), 3 survivors (6144K)
 Metaspace       used 91566K, committed 92352K, reserved 1179648K
  class space    used 10696K, committed 11072K, reserved 1048576K
}

